# JRE version: OpenJDK Runtime Environment (8.0_242-b01) (build 1.8.0_242-release-1644-b01)
# Java VM: OpenJDK 64-Bit Server VM (25.242-b01 mixed mode windows-amd64 compressed oops)
Heap:
 PSYoungGen      total 235008K, used 75172K [0x00000000d5580000, 0x00000000e5400000, 0x0000000100000000)
  eden space 217088K, 34% used [0x00000000d5580000,0x00000000d9ee9380,0x00000000e2980000)
  from space 17920K, 0% used [0x00000000e3e00000,0x00000000e3e00000,0x00000000e4f80000)
  to   space 20992K, 0% used [0x00000000e2980000,0x00000000e2980000,0x00000000e3e00000)
 ParOldGen       total 100352K, used 33123K [0x0000000080000000, 0x0000000086200000, 0x00000000d5580000)
  object space 100352K, 33% used [0x0000000080000000,0x0000000082058c78,0x0000000086200000)
 Metaspace       used 60265K, capacity 63400K, committed 63656K, reserved 1103872K
  class space    used 8403K, capacity 9041K, committed 9136K, reserved 1048576K
GC Heap History (10 events):
Event: 8.874 GC heap before
{Heap before GC invocations=9 (full 1):
 PSYoungGen      total 106496K, used 44085K [0x00000000d5580000, 0x00000000e1d80000, 0x0000000100000000)
  eden space 94208K, 35% used [0x00000000d5580000,0x00000000d75dfde8,0x00000000db180000)
  from space 12288K, 88% used [0x00000000db180000,0x00000000dbc2d7d0,0x00000000dbd80000)
  to   space 13312K, 0% used [0x00000000e1080000,0x00000000e1080000,0x00000000e1d80000)
 ParOldGen       total 64512K, used 7701K [0x0000000080000000, 0x0000000083f00000, 0x00000000d5580000)
  object space 64512K, 11% used [0x0000000080000000,0x0000000080785488,0x0000000083f00000)
 Metaspace       used 34553K, capacity 35442K, committed 35496K, reserved 1079296K
  class space    used 4737K, capacity 5006K, committed 5040K, reserved 1048576K
Event: 8.886 GC heap after
Heap after GC invocations=9 (full 1):
 PSYoungGen      total 190464K, used 8137K [0x00000000d5580000, 0x00000000e1c80000, 0x0000000100000000)
  eden space 178176K, 0% used [0x00000000d5580000,0x00000000d5580000,0x00000000e0380000)
  from space 12288K, 66% used [0x00000000e1080000,0x00000000e1872548,0x00000000e1c80000)
  to   space 12800K, 0% used [0x00000000e0380000,0x00000000e0380000,0x00000000e1000000)
 ParOldGen       total 64512K, used 7709K [0x0000000080000000, 0x0000000083f00000, 0x00000000d5580000)
  object space 64512K, 11% used [0x0000000080000000,0x0000000080787488,0x0000000083f00000)
 Metaspace       used 34553K, capacity 35442K, committed 35496K, reserved 1079296K
  class space    used 4737K, capacity 5006K, committed 5040K, reserved 1048576K
}
Event: 8.886 GC heap before
{Heap before GC invocations=10 (full 2):
 PSYoungGen      total 190464K, used 8137K [0x00000000d5580000, 0x00000000e1c80000, 0x0000000100000000)
  eden space 178176K, 0% used [0x00000000d5580000,0x00000000d5580000,0x00000000e0380000)
  from space 12288K, 66% used [0x00000000e1080000,0x00000000e1872548,0x00000000e1c80000)
  to   space 12800K, 0% used [0x00000000e0380000,0x00000000e0380000,0x00000000e1000000)
 ParOldGen       total 64512K, used 7709K [0x0000000080000000, 0x0000000083f00000, 0x00000000d5580000)
  object space 64512K, 11% used [0x0000000080000000,0x0000000080787488,0x0000000083f00000)
 Metaspace       used 34553K, capacity 35442K, committed 35496K, reserved 1079296K
  class space    used 4737K, capacity 5006K, committed 5040K, reserved 1048576K
Event: 9.047 GC heap after
Heap after GC invocations=10 (full 2):
 PSYoungGen      total 190464K, used 0K [0x00000000d5580000, 0x00000000e1c80000, 0x0000000100000000)
  eden space 178176K, 0% used [0x00000000d5580000,0x00000000d5580000,0x00000000e0380000)
  from space 12288K, 0% used [0x00000000e1080000,0x00000000e1080000,0x00000000e1c80000)
  to   space 12800K, 0% used [0x00000000e0380000,0x00000000e0380000,0x00000000e1000000)
 ParOldGen       total 100352K, used 14874K [0x0000000080000000, 0x0000000086200000, 0x00000000d5580000)
  object space 100352K, 14% used [0x0000000080000000,0x0000000080e86a38,0x0000000086200000)
 Metaspace       used 34553K, capacity 35442K, committed 35496K, reserved 1079296K
  class space    used 4737K, capacity 5006K, committed 5040K, reserved 1048576K
}
Event: 15.589 GC heap before
{Heap before GC invocations=11 (full 2):
 PSYoungGen      total 190464K, used 178176K [0x00000000d5580000, 0x00000000e1c80000, 0x0000000100000000)
  eden space 178176K, 100% used [0x00000000d5580000,0x00000000e0380000,0x00000000e0380000)
  from space 12288K, 0% used [0x00000000e1080000,0x00000000e1080000,0x00000000e1c80000)
  to   space 12800K, 0% used [0x00000000e0380000,0x00000000e0380000,0x00000000e1000000)
 ParOldGen       total 100352K, used 14874K [0x0000000080000000, 0x0000000086200000, 0x00000000d5580000)
  object space 100352K, 14% used [0x0000000080000000,0x0000000080e86a38,0x0000000086200000)
 Metaspace       used 49772K, capacity 51504K, committed 51624K, reserved 1093632K
  class space    used 6666K, capacity 7069K, committed 7088K, reserved 1048576K
Event: 15.611 GC heap after
Heap after GC invocations=11 (full 2):
 PSYoungGen      total 190976K, used 12793K [0x00000000d5580000, 0x00000000e4f80000, 0x0000000100000000)
  eden space 178176K, 0% used [0x00000000d5580000,0x00000000d5580000,0x00000000e0380000)
  from space 12800K, 99% used [0x00000000e0380000,0x00000000e0ffe718,0x00000000e1000000)
  to   space 17920K, 0% used [0x00000000e3e00000,0x00000000e3e00000,0x00000000e4f80000)
 ParOldGen       total 100352K, used 23537K [0x0000000080000000, 0x0000000086200000, 0x00000000d5580000)
  object space 100352K, 23% used [0x0000000080000000,0x00000000816fc680,0x0000000086200000)
 Metaspace       used 49772K, capacity 51504K, committed 51624K, reserved 1093632K
  class space    used 6666K, capacity 7069K, committed 7088K, reserved 1048576K
}
Event: 16.986 GC heap before
{Heap before GC invocations=12 (full 2):
 PSYoungGen      total 190976K, used 100065K [0x00000000d5580000, 0x00000000e4f80000, 0x0000000100000000)
  eden space 178176K, 48% used [0x00000000d5580000,0x00000000daab9ee0,0x00000000e0380000)
  from space 12800K, 99% used [0x00000000e0380000,0x00000000e0ffe718,0x00000000e1000000)
  to   space 17920K, 0% used [0x00000000e3e00000,0x00000000e3e00000,0x00000000e4f80000)
 ParOldGen       total 100352K, used 23537K [0x0000000080000000, 0x0000000086200000, 0x00000000d5580000)
  object space 100352K, 23% used [0x0000000080000000,0x00000000816fc680,0x0000000086200000)
 Metaspace       used 57041K, capacity 59094K, committed 59160K, reserved 1099776K
  class space    used 7830K, capacity 8302K, committed 8368K, reserved 1048576K
Event: 17.012 GC heap after
Heap after GC invocations=12 (full 2):
 PSYoungGen      total 235008K, used 17915K [0x00000000d5580000, 0x00000000e5400000, 0x0000000100000000)
  eden space 217088K, 0% used [0x00000000d5580000,0x00000000d5580000,0x00000000e2980000)
  from space 17920K, 99% used [0x00000000e3e00000,0x00000000e4f7ec48,0x00000000e4f80000)
  to   space 20992K, 0% used [0x00000000e2980000,0x00000000e2980000,0x00000000e3e00000)
 ParOldGen       total 100352K, used 26665K [0x0000000080000000, 0x0000000086200000, 0x00000000d5580000)
  object space 100352K, 26% used [0x0000000080000000,0x0000000081a0a628,0x0000000086200000)
 Metaspace       used 57041K, capacity 59094K, committed 59160K, reserved 1099776K
  class space    used 7830K, capacity 8302K, committed 8368K, reserved 1048576K
}
Event: 17.012 GC heap before
{Heap before GC invocations=13 (full 3):
 PSYoungGen      total 235008K, used 17915K [0x00000000d5580000, 0x00000000e5400000, 0x0000000100000000)
  eden space 217088K, 0% used [0x00000000d5580000,0x00000000d5580000,0x00000000e2980000)
  from space 17920K, 99% used [0x00000000e3e00000,0x00000000e4f7ec48,0x00000000e4f80000)
  to   space 20992K, 0% used [0x00000000e2980000,0x00000000e2980000,0x00000000e3e00000)
 ParOldGen       total 100352K, used 26665K [0x0000000080000000, 0x0000000086200000, 0x00000000d5580000)
  object space 100352K, 26% used [0x0000000080000000,0x0000000081a0a628,0x0000000086200000)
 Metaspace       used 57041K, capacity 59094K, committed 59160K, reserved 1099776K
  class space    used 7830K, capacity 8302K, committed 8368K, reserved 1048576K
Event: 17.247 GC heap after
Heap after GC invocations=13 (full 3):
 PSYoungGen      total 235008K, used 0K [0x00000000d5580000, 0x00000000e5400000, 0x0000000100000000)
  eden space 217088K, 0% used [0x00000000d5580000,0x00000000d5580000,0x00000000e2980000)
  from space 17920K, 0% used [0x00000000e3e00000,0x00000000e3e00000,0x00000000e4f80000)
  to   space 20992K, 0% used [0x00000000e2980000,0x00000000e2980000,0x00000000e3e00000)
 ParOldGen       total 100352K, used 33123K [0x0000000080000000, 0x0000000086200000, 0x00000000d5580000)
  object space 100352K, 33% used [0x0000000080000000,0x0000000082058c78,0x0000000086200000)
 Metaspace       used 57004K, capacity 58968K, committed 59160K, reserved 1099776K
  class space    used 7819K, capacity 8281K, committed 8368K, reserved 1048576K
}

